Traceback (most recent call last):
  File "/Users/tompkins/Library/Python/3.10/lib/python/site-packages/jupyter_cache/executors/utils.py", line 51, in single_nb_execution
    executenb(
  File "/Users/tompkins/Library/Python/3.10/lib/python/site-packages/nbclient/client.py", line 1204, in execute
    return NotebookClient(nb=nb, resources=resources, km=km, **kwargs).execute()
  File "/Users/tompkins/Library/Python/3.10/lib/python/site-packages/nbclient/util.py", line 84, in wrapped
    return just_run(coro(*args, **kwargs))
  File "/Users/tompkins/Library/Python/3.10/lib/python/site-packages/nbclient/util.py", line 62, in just_run
    return loop.run_until_complete(coro)
  File "/usr/local/Cellar/python@3.10/3.10.9/Frameworks/Python.framework/Versions/3.10/lib/python3.10/asyncio/base_events.py", line 649, in run_until_complete
    return future.result()
  File "/Users/tompkins/Library/Python/3.10/lib/python/site-packages/nbclient/client.py", line 663, in async_execute
    await self.async_execute_cell(
  File "/Users/tompkins/Library/Python/3.10/lib/python/site-packages/nbclient/client.py", line 965, in async_execute_cell
    await self._check_raise_for_error(cell, cell_index, exec_reply)
  File "/Users/tompkins/Library/Python/3.10/lib/python/site-packages/nbclient/client.py", line 862, in _check_raise_for_error
    raise CellExecutionError.from_cell_and_msg(cell, exec_reply_content)
nbclient.exceptions.CellExecutionError: An error occurred while executing the following cell:
------------------
#
# rough estimate (to nearest 2K) of unstable regime bounds
#
unstable_min=Ts[np.argwhere(feedback>0).min()]
unstable_max=Ts[np.argwhere(feedback>0).max()]
print("Earth system unstable between ",unstable_min," and ",unstable_max," K")
------------------

[0;31m---------------------------------------------------------------------------[0m
[0;31mValueError[0m                                Traceback (most recent call last)
Cell [0;32mIn[10], line 4[0m
[1;32m      1[0m [38;5;66;03m#[39;00m
[1;32m      2[0m [38;5;66;03m# rough estimate (to nearest 2K) of unstable regime bounds[39;00m
[1;32m      3[0m [38;5;66;03m#[39;00m
[0;32m----> 4[0m unstable_min[38;5;241m=[39mTs[[43mnp[49m[38;5;241;43m.[39;49m[43margwhere[49m[43m([49m[43mfeedback[49m[38;5;241;43m>[39;49m[38;5;241;43m0[39;49m[43m)[49m[38;5;241;43m.[39;49m[43mmin[49m[43m([49m[43m)[49m]
[1;32m      5[0m unstable_max[38;5;241m=[39mTs[np[38;5;241m.[39margwhere(feedback[38;5;241m>[39m[38;5;241m0[39m)[38;5;241m.[39mmax()]
[1;32m      6[0m [38;5;28mprint[39m([38;5;124m"[39m[38;5;124mEarth system unstable between [39m[38;5;124m"[39m,unstable_min,[38;5;124m"[39m[38;5;124m and [39m[38;5;124m"[39m,unstable_max,[38;5;124m"[39m[38;5;124m K[39m[38;5;124m"[39m)

File [0;32m~/Library/Python/3.10/lib/python/site-packages/numpy/core/_methods.py:44[0m, in [0;36m_amin[0;34m(a, axis, out, keepdims, initial, where)[0m
[1;32m     42[0m [38;5;28;01mdef[39;00m [38;5;21m_amin[39m(a, axis[38;5;241m=[39m[38;5;28;01mNone[39;00m, out[38;5;241m=[39m[38;5;28;01mNone[39;00m, keepdims[38;5;241m=[39m[38;5;28;01mFalse[39;00m,
[1;32m     43[0m           initial[38;5;241m=[39m_NoValue, where[38;5;241m=[39m[38;5;28;01mTrue[39;00m):
[0;32m---> 44[0m     [38;5;28;01mreturn[39;00m [43mumr_minimum[49m[43m([49m[43ma[49m[43m,[49m[43m [49m[43maxis[49m[43m,[49m[43m [49m[38;5;28;43;01mNone[39;49;00m[43m,[49m[43m [49m[43mout[49m[43m,[49m[43m [49m[43mkeepdims[49m[43m,[49m[43m [49m[43minitial[49m[43m,[49m[43m [49m[43mwhere[49m[43m)[49m

[0;31mValueError[0m: zero-size array to reduction operation minimum which has no identity
ValueError: zero-size array to reduction operation minimum which has no identity

