Traceback (most recent call last):
  File "/Users/tompkins/Library/Python/3.9/lib/python/site-packages/jupyter_cache/executors/utils.py", line 51, in single_nb_execution
    executenb(
  File "/Users/tompkins/Library/Python/3.9/lib/python/site-packages/nbclient/client.py", line 1093, in execute
    return NotebookClient(nb=nb, resources=resources, km=km, **kwargs).execute()
  File "/Users/tompkins/Library/Python/3.9/lib/python/site-packages/nbclient/util.py", line 84, in wrapped
    return just_run(coro(*args, **kwargs))
  File "/Users/tompkins/Library/Python/3.9/lib/python/site-packages/nbclient/util.py", line 62, in just_run
    return loop.run_until_complete(coro)
  File "/usr/local/Cellar/python@3.9/3.9.9/Frameworks/Python.framework/Versions/3.9/lib/python3.9/asyncio/base_events.py", line 642, in run_until_complete
    return future.result()
  File "/Users/tompkins/Library/Python/3.9/lib/python/site-packages/nbclient/client.py", line 559, in async_execute
    await self.async_execute_cell(
  File "/Users/tompkins/Library/Python/3.9/lib/python/site-packages/nbclient/client.py", line 854, in async_execute_cell
    self._check_raise_for_error(cell, exec_reply)
  File "/Users/tompkins/Library/Python/3.9/lib/python/site-packages/nbclient/client.py", line 756, in _check_raise_for_error
    raise CellExecutionError.from_cell_and_msg(cell, exec_reply_content)
nbclient.exceptions.CellExecutionError: An error occurred while executing the following cell:
------------------
fig = plt.figure(figsize = (16,12))
ax = []
for n in range(6):
    ax.append(fig.add_subplot(3,2,n+1))

ax[0].plot( kyears, orb['ecc'] )
ax[0].set_title('Eccentricity $e$', fontsize=18 )
ax[2].plot( kyears, orb['obliquity'] )
ax[2].set_title('Obliquity (axial tilt) $\Phi$', fontsize=18 )
ax[4].plot( kyears, orb['ecc'] * np.sin( np.deg2rad( orb['long_peri'] ) ) )
ax[4].set_title('Precessional parameter $e \sin(\Lambda)$', fontsize=18 )

ax[1].plot( kyears, Qglobal )
ax[1].set_title('Global, annual mean insolation', fontsize=18 )
ax[1].ticklabel_format( useOffset=False )

ax[3].plot( kyears, Qann[80,:] )
ax[3].set_title('Annual mean insolation at 70N', fontsize=18 )

ax[5].plot( kyears, Q[80,170,:] )
ax[5].set_title('Summer solstice insolation at 70N', fontsize=18 )

for n in range(6):
    ax[n].grid()
for n in [4,5]:
    ax[n].set_xlabel( 'Thousands of years before present', fontsize=14 )
------------------

[0;31m---------------------------------------------------------------------------[0m
[0;31mValueError[0m                                Traceback (most recent call last)
[0;32m/var/folders/sh/kt3hqg9x639_js73vspx7ch40000gn/T/ipykernel_41284/2180136294.py[0m in [0;36m<module>[0;34m[0m
[1;32m      4[0m     [0max[0m[0;34m.[0m[0mappend[0m[0;34m([0m[0mfig[0m[0;34m.[0m[0madd_subplot[0m[0;34m([0m[0;36m3[0m[0;34m,[0m[0;36m2[0m[0;34m,[0m[0mn[0m[0;34m+[0m[0;36m1[0m[0;34m)[0m[0;34m)[0m[0;34m[0m[0;34m[0m[0m
[1;32m      5[0m [0;34m[0m[0m
[0;32m----> 6[0;31m [0max[0m[0;34m[[0m[0;36m0[0m[0;34m][0m[0;34m.[0m[0mplot[0m[0;34m([0m [0mkyears[0m[0;34m,[0m [0morb[0m[0;34m[[0m[0;34m'ecc'[0m[0;34m][0m [0;34m)[0m[0;34m[0m[0;34m[0m[0m
[0m[1;32m      7[0m [0max[0m[0;34m[[0m[0;36m0[0m[0;34m][0m[0;34m.[0m[0mset_title[0m[0;34m([0m[0;34m'Eccentricity $e$'[0m[0;34m,[0m [0mfontsize[0m[0;34m=[0m[0;36m18[0m [0;34m)[0m[0;34m[0m[0;34m[0m[0m
[1;32m      8[0m [0max[0m[0;34m[[0m[0;36m2[0m[0;34m][0m[0;34m.[0m[0mplot[0m[0;34m([0m [0mkyears[0m[0;34m,[0m [0morb[0m[0;34m[[0m[0;34m'obliquity'[0m[0;34m][0m [0;34m)[0m[0;34m[0m[0;34m[0m[0m

[0;32m~/Library/Python/3.9/lib/python/site-packages/matplotlib/axes/_axes.py[0m in [0;36mplot[0;34m(self, scalex, scaley, data, *args, **kwargs)[0m
[1;32m   1603[0m         """
[1;32m   1604[0m         [0mkwargs[0m [0;34m=[0m [0mcbook[0m[0;34m.[0m[0mnormalize_kwargs[0m[0;34m([0m[0mkwargs[0m[0;34m,[0m [0mmlines[0m[0;34m.[0m[0mLine2D[0m[0;34m)[0m[0;34m[0m[0;34m[0m[0m
[0;32m-> 1605[0;31m         [0mlines[0m [0;34m=[0m [0;34m[[0m[0;34m*[0m[0mself[0m[0;34m.[0m[0m_get_lines[0m[0;34m([0m[0;34m*[0m[0margs[0m[0;34m,[0m [0mdata[0m[0;34m=[0m[0mdata[0m[0;34m,[0m [0;34m**[0m[0mkwargs[0m[0;34m)[0m[0;34m][0m[0;34m[0m[0;34m[0m[0m
[0m[1;32m   1606[0m         [0;32mfor[0m [0mline[0m [0;32min[0m [0mlines[0m[0;34m:[0m[0;34m[0m[0;34m[0m[0m
[1;32m   1607[0m             [0mself[0m[0;34m.[0m[0madd_line[0m[0;34m([0m[0mline[0m[0;34m)[0m[0;34m[0m[0;34m[0m[0m

[0;32m~/Library/Python/3.9/lib/python/site-packages/matplotlib/axes/_base.py[0m in [0;36m__call__[0;34m(self, data, *args, **kwargs)[0m
[1;32m    313[0m                 [0mthis[0m [0;34m+=[0m [0margs[0m[0;34m[[0m[0;36m0[0m[0;34m][0m[0;34m,[0m[0;34m[0m[0;34m[0m[0m
[1;32m    314[0m                 [0margs[0m [0;34m=[0m [0margs[0m[0;34m[[0m[0;36m1[0m[0;34m:[0m[0;34m][0m[0;34m[0m[0;34m[0m[0m
[0;32m--> 315[0;31m             [0;32myield[0m [0;32mfrom[0m [0mself[0m[0;34m.[0m[0m_plot_args[0m[0;34m([0m[0mthis[0m[0;34m,[0m [0mkwargs[0m[0;34m)[0m[0;34m[0m[0;34m[0m[0m
[0m[1;32m    316[0m [0;34m[0m[0m
[1;32m    317[0m     [0;32mdef[0m [0mget_next_color[0m[0;34m([0m[0mself[0m[0;34m)[0m[0;34m:[0m[0;34m[0m[0;34m[0m[0m

[0;32m~/Library/Python/3.9/lib/python/site-packages/matplotlib/axes/_base.py[0m in [0;36m_plot_args[0;34m(self, tup, kwargs, return_kwargs)[0m
[1;32m    499[0m [0;34m[0m[0m
[1;32m    500[0m         [0;32mif[0m [0mx[0m[0;34m.[0m[0mshape[0m[0;34m[[0m[0;36m0[0m[0;34m][0m [0;34m!=[0m [0my[0m[0;34m.[0m[0mshape[0m[0;34m[[0m[0;36m0[0m[0;34m][0m[0;34m:[0m[0;34m[0m[0;34m[0m[0m
[0;32m--> 501[0;31m             raise ValueError(f"x and y must have same first dimension, but "
[0m[1;32m    502[0m                              f"have shapes {x.shape} and {y.shape}")
[1;32m    503[0m         [0;32mif[0m [0mx[0m[0;34m.[0m[0mndim[0m [0;34m>[0m [0;36m2[0m [0;32mor[0m [0my[0m[0;34m.[0m[0mndim[0m [0;34m>[0m [0;36m2[0m[0;34m:[0m[0;34m[0m[0;34m[0m[0m

[0;31mValueError[0m: x and y must have same first dimension, but have shapes (101,) and (1001,)
ValueError: x and y must have same first dimension, but have shapes (101,) and (1001,)

